<?xml version="1.0" encoding="UTF-8"?>
<!-- Generated by org.testng.reporters.JUnitReportReporter -->
<testsuite hostname="DESKTOP-7INTED2" failures="0" tests="1" name="SIMPLErunner.Runner" time="2.749" errors="0" timestamp="2024-08-11T03:29:04 IST" skipped="0">
  <testcase classname="SIMPLErunner.Runner" name="runScenario" time="2.749"/>
</testsuite> <!-- SIMPLErunner.Runner -->
